<?xml version="1.0" encoding="UTF-8"?>
<!-- Generated by org.testng.reporters.JUnitReportReporter -->
<testsuite hostname="nJBU1" failures="0" tests="1" name="testCases.PurchaseHostingPlan" time="12.213" errors="0" timestamp="2023-08-24T22:11:21 EEST" skipped="0">
  <testcase classname="testCases.PurchaseHostingPlan" name="PurchasePremiumWebHostingPlan" time="12.213"/>
  <system-out/>
</testsuite> <!-- testCases.PurchaseHostingPlan -->
